# JRE version: OpenJDK Runtime Environment Temurin-17.0.1+12 (17.0.1+12) (build 17.0.1+12)
# Java VM: OpenJDK 64-Bit Server VM Temurin-17.0.1+12 (17.0.1+12, mixed mode, tiered, compressed oops, compressed class ptrs, g1 gc, linux-amd64)
GC Precious Log:
 CPUs: 16 total, 16 available
 Memory: 16007M
 Large Page Support: Disabled
 NUMA Support: Disabled
 Compressed Oops: Enabled (32-bit)
 Heap Region Size: 1M
 Heap Min Capacity: 256M
 Heap Initial Capacity: 256M
 Heap Max Capacity: 2G
 Pre-touch: Disabled
 Parallel Workers: 13
 Concurrent Workers: 3
 Concurrent Refinement Workers: 13
 Periodic GC: Disabled
 String Deduplication is enabled
Heap:
 garbage-first heap   total 262144K, used 84343K [0x0000000080000000, 0x0000000100000000)
  region size 1024K, 62 young (63488K), 11 survivors (11264K)
 Metaspace       used 37209K, committed 38144K, reserved 1089536K
  class space    used 4011K, committed 4352K, reserved 1048576K
GC Heap History (10 events):
Event: 1,654 GC heap before
{Heap before GC invocations=0 (full 0):
 garbage-first heap   total 262144K, used 23552K [0x0000000080000000, 0x0000000100000000)
  region size 1024K, 23 young (23552K), 0 survivors (0K)
 Metaspace       used 12979K, committed 13184K, reserved 1064960K
  class space    used 1172K, committed 1280K, reserved 1048576K
}
Event: 1,660 GC heap after
{Heap after GC invocations=1 (full 0):
 garbage-first heap   total 262144K, used 8417K [0x0000000080000000, 0x0000000100000000)
  region size 1024K, 3 young (3072K), 3 survivors (3072K)
 Metaspace       used 12979K, committed 13184K, reserved 1064960K
  class space    used 1172K, committed 1280K, reserved 1048576K
}
Event: 1,973 GC heap before
{Heap before GC invocations=1 (full 0):
 garbage-first heap   total 262144K, used 29921K [0x0000000080000000, 0x0000000100000000)
  region size 1024K, 24 young (24576K), 3 survivors (3072K)
 Metaspace       used 15093K, committed 15296K, reserved 1064960K
  class space    used 1382K, committed 1472K, reserved 1048576K
}
Event: 1,982 GC heap after
{Heap after GC invocations=2 (full 0):
 garbage-first heap   total 262144K, used 16907K [0x0000000080000000, 0x0000000100000000)
  region size 1024K, 3 young (3072K), 3 survivors (3072K)
 Metaspace       used 15093K, committed 15296K, reserved 1064960K
  class space    used 1382K, committed 1472K, reserved 1048576K
}
Event: 2,405 GC heap before
{Heap before GC invocations=2 (full 0):
 garbage-first heap   total 262144K, used 30219K [0x0000000080000000, 0x0000000100000000)
  region size 1024K, 17 young (17408K), 3 survivors (3072K)
 Metaspace       used 17080K, committed 17344K, reserved 1064960K
  class space    used 1594K, committed 1728K, reserved 1048576K
}
Event: 2,413 GC heap after
{Heap after GC invocations=3 (full 0):
 garbage-first heap   total 262144K, used 18656K [0x0000000080000000, 0x0000000100000000)
  region size 1024K, 1 young (1024K), 1 survivors (1024K)
 Metaspace       used 17080K, committed 17344K, reserved 1064960K
  class space    used 1594K, committed 1728K, reserved 1048576K
}
Event: 4,073 GC heap before
{Heap before GC invocations=3 (full 0):
 garbage-first heap   total 262144K, used 37088K [0x0000000080000000, 0x0000000100000000)
  region size 1024K, 21 young (21504K), 1 survivors (1024K)
 Metaspace       used 21088K, committed 21504K, reserved 1073152K
  class space    used 2063K, committed 2240K, reserved 1048576K
}
Event: 4,077 GC heap after
{Heap after GC invocations=4 (full 0):
 garbage-first heap   total 262144K, used 22234K [0x0000000080000000, 0x0000000100000000)
  region size 1024K, 5 young (5120K), 5 survivors (5120K)
 Metaspace       used 21088K, committed 21504K, reserved 1073152K
  class space    used 2063K, committed 2240K, reserved 1048576K
}
Event: 8,519 GC heap before
{Heap before GC invocations=5 (full 0):
 garbage-first heap   total 262144K, used 68314K [0x0000000080000000, 0x0000000100000000)
  region size 1024K, 51 young (52224K), 5 survivors (5120K)
 Metaspace       used 35235K, committed 36096K, reserved 1081344K
  class space    used 3800K, committed 4160K, reserved 1048576K
}
Event: 8,528 GC heap after
{Heap after GC invocations=6 (full 0):
 garbage-first heap   total 262144K, used 30071K [0x0000000080000000, 0x0000000100000000)
  region size 1024K, 11 young (11264K), 11 survivors (11264K)
 Metaspace       used 35235K, committed 36096K, reserved 1081344K
  class space    used 3800K, committed 4160K, reserved 1048576K
}

